<?xml version="1.0" encoding="UTF-8"?>
<!-- Generated by org.testng.reporters.JUnitReportReporter -->
<testsuite hostname="VBK-Computer" failures="0" tests="1" name="com.scm.practice.P1" time="0.013" errors="0" timestamp="20 Dec 2022 09:10:51 GMT">
  <testcase classname="com.scm.practice.P1" name="m" time="0.013"/>
</testsuite> <!-- com.scm.practice.P1 -->
